<?xml version="1.0" encoding="UTF-8"?>
<testsuite name="service.AnimalServiceTest" tests="4" skipped="0" failures="0" errors="0" timestamp="2022-12-15T12:43:25" hostname="CREDBLRMAC0411.local" time="0.031">
  <properties/>
  <testcase name="shouldReturnFalseIfCatCanFly()" classname="service.AnimalServiceTest" time="0.024"/>
  <testcase name="shouldReturnFalseIfCatCanSwim()" classname="service.AnimalServiceTest" time="0.001"/>
  <testcase name="shouldReturnTrueIfCatIsValid()" classname="service.AnimalServiceTest" time="0.003"/>
  <testcase name="shouldReturnFalseIfCatHas3Legs()" classname="service.AnimalServiceTest" time="0.002"/>
  <system-out><![CDATA[]]></system-out>
  <system-err><![CDATA[]]></system-err>
</testsuite>
